Determining if the pthread_create exist failed with the following output:
Change Dir: /home/daruis1/repos/mo7sen2bo2lnor/build/CMakeFiles/CMakeTmp

Run Build Command:"/usr/bin/make" "cmTC_9d20a/fast"
/usr/bin/make -f CMakeFiles/cmTC_9d20a.dir/build.make CMakeFiles/cmTC_9d20a.dir/build
make[1]: Entering directory '/home/daruis1/repos/mo7sen2bo2lnor/build/CMakeFiles/CMakeTmp'
Building C object CMakeFiles/cmTC_9d20a.dir/CheckSymbolExists.c.o
/usr/bin/cc    -o CMakeFiles/cmTC_9d20a.dir/CheckSymbolExists.c.o   -c /home/daruis1/repos/mo7sen2bo2lnor/build/CMakeFiles/CMakeTmp/CheckSymbolExists.c
Linking C executable cmTC_9d20a
/usr/bin/cmake -E cmake_link_script CMakeFiles/cmTC_9d20a.dir/link.txt --verbose=1
/usr/bin/cc      -rdynamic CMakeFiles/cmTC_9d20a.dir/CheckSymbolExists.c.o  -o cmTC_9d20a 
CMakeFiles/cmTC_9d20a.dir/CheckSymbolExists.c.o: In function `main':
CheckSymbolExists.c:(.text+0x1b): undefined reference to `pthread_create'
collect2: error: ld returned 1 exit status
CMakeFiles/cmTC_9d20a.dir/build.make:97: recipe for target 'cmTC_9d20a' failed
make[1]: *** [cmTC_9d20a] Error 1
make[1]: Leaving directory '/home/daruis1/repos/mo7sen2bo2lnor/build/CMakeFiles/CMakeTmp'
Makefile:126: recipe for target 'cmTC_9d20a/fast' failed
make: *** [cmTC_9d20a/fast] Error 2

File /home/daruis1/repos/mo7sen2bo2lnor/build/CMakeFiles/CMakeTmp/CheckSymbolExists.c:
/* */
#include <pthread.h>

int main(int argc, char** argv)
{
  (void)argv;
#ifndef pthread_create
  return ((int*)(&pthread_create))[argc];
#else
  (void)argc;
  return 0;
#endif
}

Determining if the function pthread_create exists in the pthreads failed with the following output:
Change Dir: /home/daruis1/repos/mo7sen2bo2lnor/build/CMakeFiles/CMakeTmp

Run Build Command:"/usr/bin/make" "cmTC_493f1/fast"
/usr/bin/make -f CMakeFiles/cmTC_493f1.dir/build.make CMakeFiles/cmTC_493f1.dir/build
make[1]: Entering directory '/home/daruis1/repos/mo7sen2bo2lnor/build/CMakeFiles/CMakeTmp'
Building C object CMakeFiles/cmTC_493f1.dir/CheckFunctionExists.c.o
/usr/bin/cc   -DCHECK_FUNCTION_EXISTS=pthread_create   -o CMakeFiles/cmTC_493f1.dir/CheckFunctionExists.c.o   -c /usr/share/cmake-3.10/Modules/CheckFunctionExists.c
Linking C executable cmTC_493f1
/usr/bin/cmake -E cmake_link_script CMakeFiles/cmTC_493f1.dir/link.txt --verbose=1
/usr/bin/cc  -DCHECK_FUNCTION_EXISTS=pthread_create    -rdynamic CMakeFiles/cmTC_493f1.dir/CheckFunctionExists.c.o  -o cmTC_493f1 -lpthreads 
/usr/bin/ld: cannot find -lpthreads
collect2: error: ld returned 1 exit status
CMakeFiles/cmTC_493f1.dir/build.make:97: recipe for target 'cmTC_493f1' failed
make[1]: *** [cmTC_493f1] Error 1
make[1]: Leaving directory '/home/daruis1/repos/mo7sen2bo2lnor/build/CMakeFiles/CMakeTmp'
Makefile:126: recipe for target 'cmTC_493f1/fast' failed
make: *** [cmTC_493f1/fast] Error 2


